[2022-07-05 19:41:11] production.ERROR: file_get_contents(C:\Users\Shire\Desktop\Desktop\Programming\Quartile-4\psychic-octo-guacamole\.env): Failed to open stream: No such file or directory {"exception":"[object] (ErrorException(code: 0): file_get_contents(C:\\Users\\Shire\\Desktop\\Desktop\\Programming\\Quartile-4\\psychic-octo-guacamole\\.env): Failed to open stream: No such file or directory at C:\\Users\\Shire\\Desktop\\Desktop\\Programming\\Quartile-4\\psychic-octo-guacamole\\vendor\\laravel\\framework\\src\\Illuminate\\Foundation\\Console\\KeyGenerateCommand.php:109)
[stacktrace]
#0 C:\\Users\\Shire\\Desktop\\Desktop\\Programming\\Quartile-4\\psychic-octo-guacamole\\vendor\\laravel\\framework\\src\\Illuminate\\Foundation\\Bootstrap\\HandleExceptions.php(257): Illuminate\\Foundation\\Bootstrap\\HandleExceptions->handleError(2, 'file_get_conten...', 'C:\\\\Users\\\\Shire\\\\...', 109)
#1 [internal function]: Illuminate\\Foundation\\Bootstrap\\HandleExceptions->Illuminate\\Foundation\\Bootstrap\\{closure}(2, 'file_get_conten...', 'C:\\\\Users\\\\Shire\\\\...', 109)
#2 C:\\Users\\Shire\\Desktop\\Desktop\\Programming\\Quartile-4\\psychic-octo-guacamole\\vendor\\laravel\\framework\\src\\Illuminate\\Foundation\\Console\\KeyGenerateCommand.php(109): file_get_contents('C:\\\\Users\\\\Shire\\\\...')
#3 C:\\Users\\Shire\\Desktop\\Desktop\\Programming\\Quartile-4\\psychic-octo-guacamole\\vendor\\laravel\\framework\\src\\Illuminate\\Foundation\\Console\\KeyGenerateCommand.php(93): Illuminate\\Foundation\\Console\\KeyGenerateCommand->writeNewEnvironmentFileWith('base64:w7BiK60S...')
#4 C:\\Users\\Shire\\Desktop\\Desktop\\Programming\\Quartile-4\\psychic-octo-guacamole\\vendor\\laravel\\framework\\src\\Illuminate\\Foundation\\Console\\KeyGenerateCommand.php(58): Illuminate\\Foundation\\Console\\KeyGenerateCommand->setKeyInEnvironmentFile('base64:w7BiK60S...')
#5 C:\\Users\\Shire\\Desktop\\Desktop\\Programming\\Quartile-4\\psychic-octo-guacamole\\vendor\\laravel\\framework\\src\\Illuminate\\Container\\BoundMethod.php(36): Illuminate\\Foundation\\Console\\KeyGenerateCommand->handle()
#6 C:\\Users\\Shire\\Desktop\\Desktop\\Programming\\Quartile-4\\psychic-octo-guacamole\\vendor\\laravel\\framework\\src\\Illuminate\\Container\\Util.php(41): Illuminate\\Container\\BoundMethod::Illuminate\\Container\\{closure}()
#7 C:\\Users\\Shire\\Desktop\\Desktop\\Programming\\Quartile-4\\psychic-octo-guacamole\\vendor\\laravel\\framework\\src\\Illuminate\\Container\\BoundMethod.php(93): Illuminate\\Container\\Util::unwrapIfClosure(Object(Closure))
#8 C:\\Users\\Shire\\Desktop\\Desktop\\Programming\\Quartile-4\\psychic-octo-guacamole\\vendor\\laravel\\framework\\src\\Illuminate\\Container\\BoundMethod.php(37): Illuminate\\Container\\BoundMethod::callBoundMethod(Object(Illuminate\\Foundation\\Application), Array, Object(Closure))
#9 C:\\Users\\Shire\\Desktop\\Desktop\\Programming\\Quartile-4\\psychic-octo-guacamole\\vendor\\laravel\\framework\\src\\Illuminate\\Container\\Container.php(651): Illuminate\\Container\\BoundMethod::call(Object(Illuminate\\Foundation\\Application), Array, Array, NULL)
#10 C:\\Users\\Shire\\Desktop\\Desktop\\Programming\\Quartile-4\\psychic-octo-guacamole\\vendor\\laravel\\framework\\src\\Illuminate\\Console\\Command.php(136): Illuminate\\Container\\Container->call(Array)
#11 C:\\Users\\Shire\\Desktop\\Desktop\\Programming\\Quartile-4\\psychic-octo-guacamole\\vendor\\symfony\\console\\Command\\Command.php(308): Illuminate\\Console\\Command->execute(Object(Symfony\\Component\\Console\\Input\\ArgvInput), Object(Illuminate\\Console\\OutputStyle))
#12 C:\\Users\\Shire\\Desktop\\Desktop\\Programming\\Quartile-4\\psychic-octo-guacamole\\vendor\\laravel\\framework\\src\\Illuminate\\Console\\Command.php(121): Symfony\\Component\\Console\\Command\\Command->run(Object(Symfony\\Component\\Console\\Input\\ArgvInput), Object(Illuminate\\Console\\OutputStyle))
#13 C:\\Users\\Shire\\Desktop\\Desktop\\Programming\\Quartile-4\\psychic-octo-guacamole\\vendor\\symfony\\console\\Application.php(998): Illuminate\\Console\\Command->run(Object(Symfony\\Component\\Console\\Input\\ArgvInput), Object(Symfony\\Component\\Console\\Output\\ConsoleOutput))
#14 C:\\Users\\Shire\\Desktop\\Desktop\\Programming\\Quartile-4\\psychic-octo-guacamole\\vendor\\symfony\\console\\Application.php(299): Symfony\\Component\\Console\\Application->doRunCommand(Object(Illuminate\\Foundation\\Console\\KeyGenerateCommand), Object(Symfony\\Component\\Console\\Input\\ArgvInput), Object(Symfony\\Component\\Console\\Output\\ConsoleOutput))
#15 C:\\Users\\Shire\\Desktop\\Desktop\\Programming\\Quartile-4\\psychic-octo-guacamole\\vendor\\symfony\\console\\Application.php(171): Symfony\\Component\\Console\\Application->doRun(Object(Symfony\\Component\\Console\\Input\\ArgvInput), Object(Symfony\\Component\\Console\\Output\\ConsoleOutput))
#16 C:\\Users\\Shire\\Desktop\\Desktop\\Programming\\Quartile-4\\psychic-octo-guacamole\\vendor\\laravel\\framework\\src\\Illuminate\\Console\\Application.php(102): Symfony\\Component\\Console\\Application->run(Object(Symfony\\Component\\Console\\Input\\ArgvInput), Object(Symfony\\Component\\Console\\Output\\ConsoleOutput))
#17 C:\\Users\\Shire\\Desktop\\Desktop\\Programming\\Quartile-4\\psychic-octo-guacamole\\vendor\\laravel\\framework\\src\\Illuminate\\Foundation\\Console\\Kernel.php(129): Illuminate\\Console\\Application->run(Object(Symfony\\Component\\Console\\Input\\ArgvInput), Object(Symfony\\Component\\Console\\Output\\ConsoleOutput))
#18 C:\\Users\\Shire\\Desktop\\Desktop\\Programming\\Quartile-4\\psychic-octo-guacamole\\artisan(37): Illuminate\\Foundation\\Console\\Kernel->handle(Object(Symfony\\Component\\Console\\Input\\ArgvInput), Object(Symfony\\Component\\Console\\Output\\ConsoleOutput))
#19 {main}
"} 
[2022-07-05 21:58:21] local.ERROR: SQLSTATE[HY000] [1049] Unknown database 'motivator' (SQL: SHOW FULL TABLES WHERE table_type = 'BASE TABLE') {"exception":"[object] (Illuminate\\Database\\QueryException(code: 1049): SQLSTATE[HY000] [1049] Unknown database 'motivator' (SQL: SHOW FULL TABLES WHERE table_type = 'BASE TABLE') at C:\\Users\\Shire\\Desktop\\Desktop\\Programming\\Quartile-4\\psychic-octo-guacamole\\vendor\\laravel\\framework\\src\\Illuminate\\Database\\Connection.php:759)
[stacktrace]
#0 C:\\Users\\Shire\\Desktop\\Desktop\\Programming\\Quartile-4\\psychic-octo-guacamole\\vendor\\laravel\\framework\\src\\Illuminate\\Database\\Connection.php(719): Illuminate\\Database\\Connection->runQueryCallback('SHOW FULL TABLE...', Array, Object(Closure))
#1 C:\\Users\\Shire\\Desktop\\Desktop\\Programming\\Quartile-4\\psychic-octo-guacamole\\vendor\\laravel\\framework\\src\\Illuminate\\Database\\Connection.php(421): Illuminate\\Database\\Connection->run('SHOW FULL TABLE...', Array, Object(Closure))
#2 C:\\Users\\Shire\\Desktop\\Desktop\\Programming\\Quartile-4\\psychic-octo-guacamole\\vendor\\laravel\\framework\\src\\Illuminate\\Database\\Schema\\MySqlBuilder.php(125): Illuminate\\Database\\Connection->select('SHOW FULL TABLE...')
#3 C:\\Users\\Shire\\Desktop\\Desktop\\Programming\\Quartile-4\\psychic-octo-guacamole\\vendor\\laravel\\framework\\src\\Illuminate\\Database\\Schema\\MySqlBuilder.php(74): Illuminate\\Database\\Schema\\MySqlBuilder->getAllTables()
#4 C:\\Users\\Shire\\Desktop\\Desktop\\Programming\\Quartile-4\\psychic-octo-guacamole\\vendor\\laravel\\framework\\src\\Illuminate\\Database\\Console\\WipeCommand.php(82): Illuminate\\Database\\Schema\\MySqlBuilder->dropAllTables()
#5 C:\\Users\\Shire\\Desktop\\Desktop\\Programming\\Quartile-4\\psychic-octo-guacamole\\vendor\\laravel\\framework\\src\\Illuminate\\Database\\Console\\WipeCommand.php(59): Illuminate\\Database\\Console\\WipeCommand->dropAllTables(NULL)
#6 C:\\Users\\Shire\\Desktop\\Desktop\\Programming\\Quartile-4\\psychic-octo-guacamole\\vendor\\laravel\\framework\\src\\Illuminate\\Container\\BoundMethod.php(36): Illuminate\\Database\\Console\\WipeCommand->handle()
#7 C:\\Users\\Shire\\Desktop\\Desktop\\Programming\\Quartile-4\\psychic-octo-guacamole\\vendor\\laravel\\framework\\src\\Illuminate\\Container\\Util.php(41): Illuminate\\Container\\BoundMethod::Illuminate\\Container\\{closure}()
#8 C:\\Users\\Shire\\Desktop\\Desktop\\Programming\\Quartile-4\\psychic-octo-guacamole\\vendor\\laravel\\framework\\src\\Illuminate\\Container\\BoundMethod.php(93): Illuminate\\Container\\Util::unwrapIfClosure(Object(Closure))
#9 C:\\Users\\Shire\\Desktop\\Desktop\\Programming\\Quartile-4\\psychic-octo-guacamole\\vendor\\laravel\\framework\\src\\Illuminate\\Container\\BoundMethod.php(37): Illuminate\\Container\\BoundMethod::callBoundMethod(Object(Illuminate\\Foundation\\Application), Array, Object(Closure))
#10 C:\\Users\\Shire\\Desktop\\Desktop\\Programming\\Quartile-4\\psychic-octo-guacamole\\vendor\\laravel\\framework\\src\\Illuminate\\Container\\Container.php(651): Illuminate\\Container\\BoundMethod::call(Object(Illuminate\\Foundation\\Application), Array, Array, NULL)
#11 C:\\Users\\Shire\\Desktop\\Desktop\\Programming\\Quartile-4\\psychic-octo-guacamole\\vendor\\laravel\\framework\\src\\Illuminate\\Console\\Command.php(136): Illuminate\\Container\\Container->call(Array)
#12 C:\\Users\\Shire\\Desktop\\Desktop\\Programming\\Quartile-4\\psychic-octo-guacamole\\vendor\\symfony\\console\\Command\\Command.php(308): Illuminate\\Console\\Command->execute(Object(Symfony\\Component\\Console\\Input\\ArrayInput), Object(Illuminate\\Console\\OutputStyle))
#13 C:\\Users\\Shire\\Desktop\\Desktop\\Programming\\Quartile-4\\psychic-octo-guacamole\\vendor\\laravel\\framework\\src\\Illuminate\\Console\\Command.php(121): Symfony\\Component\\Console\\Command\\Command->run(Object(Symfony\\Component\\Console\\Input\\ArrayInput), Object(Illuminate\\Console\\OutputStyle))
#14 C:\\Users\\Shire\\Desktop\\Desktop\\Programming\\Quartile-4\\psychic-octo-guacamole\\vendor\\laravel\\framework\\src\\Illuminate\\Console\\Concerns\\CallsCommands.php(68): Illuminate\\Console\\Command->run(Object(Symfony\\Component\\Console\\Input\\ArrayInput), Object(Illuminate\\Console\\OutputStyle))
#15 C:\\Users\\Shire\\Desktop\\Desktop\\Programming\\Quartile-4\\psychic-octo-guacamole\\vendor\\laravel\\framework\\src\\Illuminate\\Console\\Concerns\\CallsCommands.php(28): Illuminate\\Console\\Command->runCommand('db:wipe', Array, Object(Illuminate\\Console\\OutputStyle))
#16 C:\\Users\\Shire\\Desktop\\Desktop\\Programming\\Quartile-4\\psychic-octo-guacamole\\vendor\\laravel\\framework\\src\\Illuminate\\Database\\Console\\Migrations\\FreshCommand.php(43): Illuminate\\Console\\Command->call('db:wipe', Array)
#17 C:\\Users\\Shire\\Desktop\\Desktop\\Programming\\Quartile-4\\psychic-octo-guacamole\\vendor\\laravel\\framework\\src\\Illuminate\\Container\\BoundMethod.php(36): Illuminate\\Database\\Console\\Migrations\\FreshCommand->handle()
#18 C:\\Users\\Shire\\Desktop\\Desktop\\Programming\\Quartile-4\\psychic-octo-guacamole\\vendor\\laravel\\framework\\src\\Illuminate\\Container\\Util.php(41): Illuminate\\Container\\BoundMethod::Illuminate\\Container\\{closure}()
#19 C:\\Users\\Shire\\Desktop\\Desktop\\Programming\\Quartile-4\\psychic-octo-guacamole\\vendor\\laravel\\framework\\src\\Illuminate\\Container\\BoundMethod.php(93): Illuminate\\Container\\Util::unwrapIfClosure(Object(Closure))
#20 C:\\Users\\Shire\\Desktop\\Desktop\\Programming\\Quartile-4\\psychic-octo-guacamole\\vendor\\laravel\\framework\\src\\Illuminate\\Container\\BoundMethod.php(37): Illuminate\\Container\\BoundMethod::callBoundMethod(Object(Illuminate\\Foundation\\Application), Array, Object(Closure))
#21 C:\\Users\\Shire\\Desktop\\Desktop\\Programming\\Quartile-4\\psychic-octo-guacamole\\vendor\\laravel\\framework\\src\\Illuminate\\Container\\Container.php(651): Illuminate\\Container\\BoundMethod::call(Object(Illuminate\\Foundation\\Application), Array, Array, NULL)
#22 C:\\Users\\Shire\\Desktop\\Desktop\\Programming\\Quartile-4\\psychic-octo-guacamole\\vendor\\laravel\\framework\\src\\Illuminate\\Console\\Command.php(136): Illuminate\\Container\\Container->call(Array)
#23 C:\\Users\\Shire\\Desktop\\Desktop\\Programming\\Quartile-4\\psychic-octo-guacamole\\vendor\\symfony\\console\\Command\\Command.php(308): Illuminate\\Console\\Command->execute(Object(Symfony\\Component\\Console\\Input\\ArgvInput), Object(Illuminate\\Console\\OutputStyle))
#24 C:\\Users\\Shire\\Desktop\\Desktop\\Programming\\Quartile-4\\psychic-octo-guacamole\\vendor\\laravel\\framework\\src\\Illuminate\\Console\\Command.php(121): Symfony\\Component\\Console\\Command\\Command->run(Object(Symfony\\Component\\Console\\Input\\ArgvInput), Object(Illuminate\\Console\\OutputStyle))
#25 C:\\Users\\Shire\\Desktop\\Desktop\\Programming\\Quartile-4\\psychic-octo-guacamole\\vendor\\symfony\\console\\Application.php(998): Illuminate\\Console\\Command->run(Object(Symfony\\Component\\Console\\Input\\ArgvInput), Object(Symfony\\Component\\Console\\Output\\ConsoleOutput))
#26 C:\\Users\\Shire\\Desktop\\Desktop\\Programming\\Quartile-4\\psychic-octo-guacamole\\vendor\\symfony\\console\\Application.php(299): Symfony\\Component\\Console\\Application->doRunCommand(Object(Illuminate\\Database\\Console\\Migrations\\FreshCommand), Object(Symfony\\Component\\Console\\Input\\ArgvInput), Object(Symfony\\Component\\Console\\Output\\ConsoleOutput))
#27 C:\\Users\\Shire\\Desktop\\Desktop\\Programming\\Quartile-4\\psychic-octo-guacamole\\vendor\\symfony\\console\\Application.php(171): Symfony\\Component\\Console\\Application->doRun(Object(Symfony\\Component\\Console\\Input\\ArgvInput), Object(Symfony\\Component\\Console\\Output\\ConsoleOutput))
#28 C:\\Users\\Shire\\Desktop\\Desktop\\Programming\\Quartile-4\\psychic-octo-guacamole\\vendor\\laravel\\framework\\src\\Illuminate\\Console\\Application.php(102): Symfony\\Component\\Console\\Application->run(Object(Symfony\\Component\\Console\\Input\\ArgvInput), Object(Symfony\\Component\\Console\\Output\\ConsoleOutput))
#29 C:\\Users\\Shire\\Desktop\\Desktop\\Programming\\Quartile-4\\psychic-octo-guacamole\\vendor\\laravel\\framework\\src\\Illuminate\\Foundation\\Console\\Kernel.php(129): Illuminate\\Console\\Application->run(Object(Symfony\\Component\\Console\\Input\\ArgvInput), Object(Symfony\\Component\\Console\\Output\\ConsoleOutput))
#30 C:\\Users\\Shire\\Desktop\\Desktop\\Programming\\Quartile-4\\psychic-octo-guacamole\\artisan(37): Illuminate\\Foundation\\Console\\Kernel->handle(Object(Symfony\\Component\\Console\\Input\\ArgvInput), Object(Symfony\\Component\\Console\\Output\\ConsoleOutput))
#31 {main}

[previous exception] [object] (PDOException(code: 1049): SQLSTATE[HY000] [1049] Unknown database 'motivator' at C:\\Users\\Shire\\Desktop\\Desktop\\Programming\\Quartile-4\\psychic-octo-guacamole\\vendor\\laravel\\framework\\src\\Illuminate\\Database\\Connectors\\Connector.php:70)
[stacktrace]
#0 C:\\Users\\Shire\\Desktop\\Desktop\\Programming\\Quartile-4\\psychic-octo-guacamole\\vendor\\laravel\\framework\\src\\Illuminate\\Database\\Connectors\\Connector.php(70): PDO->__construct('mysql:host=127....', 'root', '', Array)
#1 C:\\Users\\Shire\\Desktop\\Desktop\\Programming\\Quartile-4\\psychic-octo-guacamole\\vendor\\laravel\\framework\\src\\Illuminate\\Database\\Connectors\\Connector.php(46): Illuminate\\Database\\Connectors\\Connector->createPdoConnection('mysql:host=127....', 'root', '', Array)
#2 C:\\Users\\Shire\\Desktop\\Desktop\\Programming\\Quartile-4\\psychic-octo-guacamole\\vendor\\laravel\\framework\\src\\Illuminate\\Database\\Connectors\\MySqlConnector.php(24): Illuminate\\Database\\Connectors\\Connector->createConnection('mysql:host=127....', Array, Array)
#3 C:\\Users\\Shire\\Desktop\\Desktop\\Programming\\Quartile-4\\psychic-octo-guacamole\\vendor\\laravel\\framework\\src\\Illuminate\\Database\\Connectors\\ConnectionFactory.php(184): Illuminate\\Database\\Connectors\\MySqlConnector->connect(Array)
#4 [internal function]: Illuminate\\Database\\Connectors\\ConnectionFactory->Illuminate\\Database\\Connectors\\{closure}()
#5 C:\\Users\\Shire\\Desktop\\Desktop\\Programming\\Quartile-4\\psychic-octo-guacamole\\vendor\\laravel\\framework\\src\\Illuminate\\Database\\Connection.php(1168): call_user_func(Object(Closure))
#6 C:\\Users\\Shire\\Desktop\\Desktop\\Programming\\Quartile-4\\psychic-octo-guacamole\\vendor\\laravel\\framework\\src\\Illuminate\\Database\\Connection.php(1204): Illuminate\\Database\\Connection->getPdo()
#7 C:\\Users\\Shire\\Desktop\\Desktop\\Programming\\Quartile-4\\psychic-octo-guacamole\\vendor\\laravel\\framework\\src\\Illuminate\\Database\\Connection.php(485): Illuminate\\Database\\Connection->getReadPdo()
#8 C:\\Users\\Shire\\Desktop\\Desktop\\Programming\\Quartile-4\\psychic-octo-guacamole\\vendor\\laravel\\framework\\src\\Illuminate\\Database\\Connection.php(413): Illuminate\\Database\\Connection->getPdoForSelect(true)
#9 C:\\Users\\Shire\\Desktop\\Desktop\\Programming\\Quartile-4\\psychic-octo-guacamole\\vendor\\laravel\\framework\\src\\Illuminate\\Database\\Connection.php(752): Illuminate\\Database\\Connection->Illuminate\\Database\\{closure}('SHOW FULL TABLE...', Array)
#10 C:\\Users\\Shire\\Desktop\\Desktop\\Programming\\Quartile-4\\psychic-octo-guacamole\\vendor\\laravel\\framework\\src\\Illuminate\\Database\\Connection.php(719): Illuminate\\Database\\Connection->runQueryCallback('SHOW FULL TABLE...', Array, Object(Closure))
#11 C:\\Users\\Shire\\Desktop\\Desktop\\Programming\\Quartile-4\\psychic-octo-guacamole\\vendor\\laravel\\framework\\src\\Illuminate\\Database\\Connection.php(421): Illuminate\\Database\\Connection->run('SHOW FULL TABLE...', Array, Object(Closure))
#12 C:\\Users\\Shire\\Desktop\\Desktop\\Programming\\Quartile-4\\psychic-octo-guacamole\\vendor\\laravel\\framework\\src\\Illuminate\\Database\\Schema\\MySqlBuilder.php(125): Illuminate\\Database\\Connection->select('SHOW FULL TABLE...')
#13 C:\\Users\\Shire\\Desktop\\Desktop\\Programming\\Quartile-4\\psychic-octo-guacamole\\vendor\\laravel\\framework\\src\\Illuminate\\Database\\Schema\\MySqlBuilder.php(74): Illuminate\\Database\\Schema\\MySqlBuilder->getAllTables()
#14 C:\\Users\\Shire\\Desktop\\Desktop\\Programming\\Quartile-4\\psychic-octo-guacamole\\vendor\\laravel\\framework\\src\\Illuminate\\Database\\Console\\WipeCommand.php(82): Illuminate\\Database\\Schema\\MySqlBuilder->dropAllTables()
#15 C:\\Users\\Shire\\Desktop\\Desktop\\Programming\\Quartile-4\\psychic-octo-guacamole\\vendor\\laravel\\framework\\src\\Illuminate\\Database\\Console\\WipeCommand.php(59): Illuminate\\Database\\Console\\WipeCommand->dropAllTables(NULL)
#16 C:\\Users\\Shire\\Desktop\\Desktop\\Programming\\Quartile-4\\psychic-octo-guacamole\\vendor\\laravel\\framework\\src\\Illuminate\\Container\\BoundMethod.php(36): Illuminate\\Database\\Console\\WipeCommand->handle()
#17 C:\\Users\\Shire\\Desktop\\Desktop\\Programming\\Quartile-4\\psychic-octo-guacamole\\vendor\\laravel\\framework\\src\\Illuminate\\Container\\Util.php(41): Illuminate\\Container\\BoundMethod::Illuminate\\Container\\{closure}()
#18 C:\\Users\\Shire\\Desktop\\Desktop\\Programming\\Quartile-4\\psychic-octo-guacamole\\vendor\\laravel\\framework\\src\\Illuminate\\Container\\BoundMethod.php(93): Illuminate\\Container\\Util::unwrapIfClosure(Object(Closure))
#19 C:\\Users\\Shire\\Desktop\\Desktop\\Programming\\Quartile-4\\psychic-octo-guacamole\\vendor\\laravel\\framework\\src\\Illuminate\\Container\\BoundMethod.php(37): Illuminate\\Container\\BoundMethod::callBoundMethod(Object(Illuminate\\Foundation\\Application), Array, Object(Closure))
#20 C:\\Users\\Shire\\Desktop\\Desktop\\Programming\\Quartile-4\\psychic-octo-guacamole\\vendor\\laravel\\framework\\src\\Illuminate\\Container\\Container.php(651): Illuminate\\Container\\BoundMethod::call(Object(Illuminate\\Foundation\\Application), Array, Array, NULL)
#21 C:\\Users\\Shire\\Desktop\\Desktop\\Programming\\Quartile-4\\psychic-octo-guacamole\\vendor\\laravel\\framework\\src\\Illuminate\\Console\\Command.php(136): Illuminate\\Container\\Container->call(Array)
#22 C:\\Users\\Shire\\Desktop\\Desktop\\Programming\\Quartile-4\\psychic-octo-guacamole\\vendor\\symfony\\console\\Command\\Command.php(308): Illuminate\\Console\\Command->execute(Object(Symfony\\Component\\Console\\Input\\ArrayInput), Object(Illuminate\\Console\\OutputStyle))
#23 C:\\Users\\Shire\\Desktop\\Desktop\\Programming\\Quartile-4\\psychic-octo-guacamole\\vendor\\laravel\\framework\\src\\Illuminate\\Console\\Command.php(121): Symfony\\Component\\Console\\Command\\Command->run(Object(Symfony\\Component\\Console\\Input\\ArrayInput), Object(Illuminate\\Console\\OutputStyle))
#24 C:\\Users\\Shire\\Desktop\\Desktop\\Programming\\Quartile-4\\psychic-octo-guacamole\\vendor\\laravel\\framework\\src\\Illuminate\\Console\\Concerns\\CallsCommands.php(68): Illuminate\\Console\\Command->run(Object(Symfony\\Component\\Console\\Input\\ArrayInput), Object(Illuminate\\Console\\OutputStyle))
#25 C:\\Users\\Shire\\Desktop\\Desktop\\Programming\\Quartile-4\\psychic-octo-guacamole\\vendor\\laravel\\framework\\src\\Illuminate\\Console\\Concerns\\CallsCommands.php(28): Illuminate\\Console\\Command->runCommand('db:wipe', Array, Object(Illuminate\\Console\\OutputStyle))
#26 C:\\Users\\Shire\\Desktop\\Desktop\\Programming\\Quartile-4\\psychic-octo-guacamole\\vendor\\laravel\\framework\\src\\Illuminate\\Database\\Console\\Migrations\\FreshCommand.php(43): Illuminate\\Console\\Command->call('db:wipe', Array)
#27 C:\\Users\\Shire\\Desktop\\Desktop\\Programming\\Quartile-4\\psychic-octo-guacamole\\vendor\\laravel\\framework\\src\\Illuminate\\Container\\BoundMethod.php(36): Illuminate\\Database\\Console\\Migrations\\FreshCommand->handle()
#28 C:\\Users\\Shire\\Desktop\\Desktop\\Programming\\Quartile-4\\psychic-octo-guacamole\\vendor\\laravel\\framework\\src\\Illuminate\\Container\\Util.php(41): Illuminate\\Container\\BoundMethod::Illuminate\\Container\\{closure}()
#29 C:\\Users\\Shire\\Desktop\\Desktop\\Programming\\Quartile-4\\psychic-octo-guacamole\\vendor\\laravel\\framework\\src\\Illuminate\\Container\\BoundMethod.php(93): Illuminate\\Container\\Util::unwrapIfClosure(Object(Closure))
#30 C:\\Users\\Shire\\Desktop\\Desktop\\Programming\\Quartile-4\\psychic-octo-guacamole\\vendor\\laravel\\framework\\src\\Illuminate\\Container\\BoundMethod.php(37): Illuminate\\Container\\BoundMethod::callBoundMethod(Object(Illuminate\\Foundation\\Application), Array, Object(Closure))
#31 C:\\Users\\Shire\\Desktop\\Desktop\\Programming\\Quartile-4\\psychic-octo-guacamole\\vendor\\laravel\\framework\\src\\Illuminate\\Container\\Container.php(651): Illuminate\\Container\\BoundMethod::call(Object(Illuminate\\Foundation\\Application), Array, Array, NULL)
#32 C:\\Users\\Shire\\Desktop\\Desktop\\Programming\\Quartile-4\\psychic-octo-guacamole\\vendor\\laravel\\framework\\src\\Illuminate\\Console\\Command.php(136): Illuminate\\Container\\Container->call(Array)
#33 C:\\Users\\Shire\\Desktop\\Desktop\\Programming\\Quartile-4\\psychic-octo-guacamole\\vendor\\symfony\\console\\Command\\Command.php(308): Illuminate\\Console\\Command->execute(Object(Symfony\\Component\\Console\\Input\\ArgvInput), Object(Illuminate\\Console\\OutputStyle))
#34 C:\\Users\\Shire\\Desktop\\Desktop\\Programming\\Quartile-4\\psychic-octo-guacamole\\vendor\\laravel\\framework\\src\\Illuminate\\Console\\Command.php(121): Symfony\\Component\\Console\\Command\\Command->run(Object(Symfony\\Component\\Console\\Input\\ArgvInput), Object(Illuminate\\Console\\OutputStyle))
#35 C:\\Users\\Shire\\Desktop\\Desktop\\Programming\\Quartile-4\\psychic-octo-guacamole\\vendor\\symfony\\console\\Application.php(998): Illuminate\\Console\\Command->run(Object(Symfony\\Component\\Console\\Input\\ArgvInput), Object(Symfony\\Component\\Console\\Output\\ConsoleOutput))
#36 C:\\Users\\Shire\\Desktop\\Desktop\\Programming\\Quartile-4\\psychic-octo-guacamole\\vendor\\symfony\\console\\Application.php(299): Symfony\\Component\\Console\\Application->doRunCommand(Object(Illuminate\\Database\\Console\\Migrations\\FreshCommand), Object(Symfony\\Component\\Console\\Input\\ArgvInput), Object(Symfony\\Component\\Console\\Output\\ConsoleOutput))
#37 C:\\Users\\Shire\\Desktop\\Desktop\\Programming\\Quartile-4\\psychic-octo-guacamole\\vendor\\symfony\\console\\Application.php(171): Symfony\\Component\\Console\\Application->doRun(Object(Symfony\\Component\\Console\\Input\\ArgvInput), Object(Symfony\\Component\\Console\\Output\\ConsoleOutput))
#38 C:\\Users\\Shire\\Desktop\\Desktop\\Programming\\Quartile-4\\psychic-octo-guacamole\\vendor\\laravel\\framework\\src\\Illuminate\\Console\\Application.php(102): Symfony\\Component\\Console\\Application->run(Object(Symfony\\Component\\Console\\Input\\ArgvInput), Object(Symfony\\Component\\Console\\Output\\ConsoleOutput))
#39 C:\\Users\\Shire\\Desktop\\Desktop\\Programming\\Quartile-4\\psychic-octo-guacamole\\vendor\\laravel\\framework\\src\\Illuminate\\Foundation\\Console\\Kernel.php(129): Illuminate\\Console\\Application->run(Object(Symfony\\Component\\Console\\Input\\ArgvInput), Object(Symfony\\Component\\Console\\Output\\ConsoleOutput))
#40 C:\\Users\\Shire\\Desktop\\Desktop\\Programming\\Quartile-4\\psychic-octo-guacamole\\artisan(37): Illuminate\\Foundation\\Console\\Kernel->handle(Object(Symfony\\Component\\Console\\Input\\ArgvInput), Object(Symfony\\Component\\Console\\Output\\ConsoleOutput))
#41 {main}
"} 
